<?xml version="1.0" encoding="UTF-8"?>
<testng-results skipped="0" failed="0" total="2" passed="2">
  <reporter-output>
  </reporter-output>
  <suite name="Command line suite" duration-ms="45103" started-at="2014-05-02T01:04:32Z" finished-at="2014-05-02T01:05:18Z">
    <groups>
    </groups>
    <test name="Command line test" duration-ms="45103" started-at="2014-05-02T01:04:32Z" finished-at="2014-05-02T01:05:18Z">
      <class name="com.KvadratTest.KvadratTest.NewTest">
        <test-method status="PASS" signature="LoginValidUser()" name="LoginValidUser" duration-ms="45068" started-at="2014-05-02T01:04:32Z" finished-at="2014-05-02T01:05:18Z">
        </test-method>
        <test-method status="PASS" signature="f()" name="f" duration-ms="1" started-at="2014-05-02T01:05:18Z" finished-at="2014-05-02T01:05:18Z">
        </test-method>
      </class>
    </test>
  </suite>
</testng-results>
