<?xml version="1.0" encoding="UTF-8"?>
<testng-results skipped="0" failed="0" total="2" passed="2">
  <reporter-output>
  </reporter-output>
  <suite name="Default suite" duration-ms="34054" started-at="2014-04-28T16:55:40Z" finished-at="2014-04-28T16:56:14Z">
    <groups>
    </groups>
    <test name="Default test" duration-ms="34054" started-at="2014-04-28T16:55:40Z" finished-at="2014-04-28T16:56:14Z">
      <class name="com.KvadratTest.KvadratTest.NewTest">
        <test-method status="PASS" signature="LoginValidUser()[pri:0, instance:com.KvadratTest.KvadratTest.NewTest@f889c8]" name="LoginValidUser" duration-ms="34012" started-at="2014-04-28T18:55:40Z" finished-at="2014-04-28T18:56:14Z">
          <reporter-output>
          </reporter-output>
        </test-method> <!-- LoginValidUser -->
        <test-method status="PASS" signature="f()[pri:0, instance:com.KvadratTest.KvadratTest.NewTest@f889c8]" name="f" duration-ms="6" started-at="2014-04-28T18:56:14Z" finished-at="2014-04-28T18:56:14Z">
          <reporter-output>
          </reporter-output>
        </test-method> <!-- f -->
      </class> <!-- com.KvadratTest.KvadratTest.NewTest -->
    </test> <!-- Default test -->
  </suite> <!-- Default suite -->
</testng-results>
